<?xml version="1.0" encoding="UTF-8"?>
<testsuite xmlns:xsi="http://www.w3.org/2001/XMLSchema-instance" xsi:noNamespaceSchemaLocation="https://maven.apache.org/surefire/maven-surefire-plugin/xsd/surefire-test-report-3.0.xsd" version="3.0" name="grupo5.PedidoTest" time="0.073" tests="10" errors="0" skipped="0" failures="0">
  <properties>
[...]
</properties>
  <testcase name="testAgregarProductoRespetaAtributos" classname="grupo5.PedidoTest" time="0.017"/>
  <testcase name="testAgregarProductoCorrecto" classname="grupo5.PedidoTest" time="0.019"/>
  <testcase name="testAgregarProductoDuplicadoSku" classname="grupo5.PedidoTest" time="0.002"/>
  <testcase name="testAgregarProductoInactivo" classname="grupo5.PedidoTest" time="0.0"/>
  <testcase name="testValidarStockCantidadNegativa" classname="grupo5.PedidoTest" time="0.002"/>
  <testcase name="testAgregarProductoCantidadNoValida" classname="grupo5.PedidoTest" time="0.004"/>
  <testcase name="testValidarStockValoresLimite" classname="grupo5.PedidoTest" time="0.001"/>
  <testcase name="testValidarStockUnoCero" classname="grupo5.PedidoTest" time="0.004"/>
  <testcase name="testValidarStockTodosValidos" classname="grupo5.PedidoTest" time="0.0"/>
  <testcase name="testValidarStockListaVacia" classname="grupo5.PedidoTest" time="0.0"/>
</testsuite>